# JRE version: Java(TM) SE Runtime Environment (8.0_131-b11) (build 1.8.0_131-b11)
# Java VM: Java HotSpot(TM) 64-Bit Server VM (25.131-b11 mixed mode windows-amd64 compressed oops)
Heap:
 PSYoungGen      total 86016K, used 57779K [0x0000000760780000, 0x000000076af80000, 0x00000007c0000000)
  eden space 73728K, 63% used [0x0000000760780000,0x000000076355e078,0x0000000764f80000)
  from space 12288K, 87% used [0x0000000765b80000,0x000000076660eec8,0x0000000766780000)
  to   space 12288K, 0% used [0x0000000764f80000,0x0000000764f80000,0x0000000765b80000)
 ParOldGen       total 196608K, used 34K [0x00000006a1600000, 0x00000006ad600000, 0x0000000760780000)
  object space 196608K, 0% used [0x00000006a1600000,0x00000006a1608b20,0x00000006ad600000)
 Metaspace       used 20706K, capacity 21080K, committed 21248K, reserved 1067008K
  class space    used 2625K, capacity 2750K, committed 2816K, reserved 1048576K
GC Heap History (4 events):
Event: 0.989 GC heap before
{Heap before GC invocations=1 (full 0):
 PSYoungGen      total 86016K, used 73728K [0x0000000760780000, 0x0000000766780000, 0x00000007c0000000)
  eden space 73728K, 100% used [0x0000000760780000,0x0000000764f80000,0x0000000764f80000)
  from space 12288K, 0% used [0x0000000765b80000,0x0000000765b80000,0x0000000766780000)
  to   space 12288K, 0% used [0x0000000764f80000,0x0000000764f80000,0x0000000765b80000)
 ParOldGen       total 196608K, used 6K [0x00000006a1600000, 0x00000006ad600000, 0x0000000760780000)
  object space 196608K, 0% used [0x00000006a1600000,0x00000006a1601938,0x00000006ad600000)
 Metaspace       used 14608K, capacity 14920K, committed 15104K, reserved 1062912K
  class space    used 1858K, capacity 1925K, committed 2048K, reserved 1048576K
Event: 0.999 GC heap after
Heap after GC invocations=1 (full 0):
 PSYoungGen      total 86016K, used 12092K [0x0000000760780000, 0x0000000766780000, 0x00000007c0000000)
  eden space 73728K, 0% used [0x0000000760780000,0x0000000760780000,0x0000000764f80000)
  from space 12288K, 98% used [0x0000000764f80000,0x0000000765b4f040,0x0000000765b80000)
  to   space 12288K, 0% used [0x0000000765b80000,0x0000000765b80000,0x0000000766780000)
 ParOldGen       total 196608K, used 22K [0x00000006a1600000, 0x00000006ad600000, 0x0000000760780000)
  object space 196608K, 0% used [0x00000006a1600000,0x00000006a1605938,0x00000006ad600000)
 Metaspace       used 14608K, capacity 14920K, committed 15104K, reserved 1062912K
  class space    used 1858K, capacity 1925K, committed 2048K, reserved 1048576K
}
Event: 1.504 GC heap before
{Heap before GC invocations=2 (full 0):
 PSYoungGen      total 86016K, used 85820K [0x0000000760780000, 0x0000000766780000, 0x00000007c0000000)
  eden space 73728K, 100% used [0x0000000760780000,0x0000000764f80000,0x0000000764f80000)
  from space 12288K, 98% used [0x0000000764f80000,0x0000000765b4f040,0x0000000765b80000)
  to   space 12288K, 0% used [0x0000000765b80000,0x0000000765b80000,0x0000000766780000)
 ParOldGen       total 196608K, used 26K [0x00000006a1600000, 0x00000006ad600000, 0x0000000760780000)
  object space 196608K, 0% used [0x00000006a1600000,0x00000006a1606b20,0x00000006ad600000)
 Metaspace       used 17011K, capacity 17368K, committed 17664K, reserved 1064960K
  class space    used 2179K, capacity 2265K, committed 2304K, reserved 1048576K
Event: 1.513 GC heap after
Heap after GC invocations=2 (full 0):
 PSYoungGen      total 86016K, used 10811K [0x0000000760780000, 0x000000076af80000, 0x00000007c0000000)
  eden space 73728K, 0% used [0x0000000760780000,0x0000000760780000,0x0000000764f80000)
  from space 12288K, 87% used [0x0000000765b80000,0x000000076660eec8,0x0000000766780000)
  to   space 12288K, 0% used [0x0000000764f80000,0x0000000764f80000,0x0000000765b80000)
 ParOldGen       total 196608K, used 34K [0x00000006a1600000, 0x00000006ad600000, 0x0000000760780000)
  object space 196608K, 0% used [0x00000006a1600000,0x00000006a1608b20,0x00000006ad600000)
 Metaspace       used 17011K, capacity 17368K, committed 17664K, reserved 1064960K
  class space    used 2179K, capacity 2265K, committed 2304K, reserved 1048576K
}

